mode: atomic
github.com/fred-drake/gitea-check-service/main.go:54.13,56.20 2 1
github.com/fred-drake/gitea-check-service/main.go:56.20,58.3 1 0
github.com/fred-drake/gitea-check-service/main.go:60.2,61.17 2 1
github.com/fred-drake/gitea-check-service/main.go:61.17,63.3 1 0
github.com/fred-drake/gitea-check-service/main.go:66.2,75.3 2 1
github.com/fred-drake/gitea-check-service/main.go:79.77,83.16 3 10
github.com/fred-drake/gitea-check-service/main.go:83.16,85.3 1 0
github.com/fred-drake/gitea-check-service/main.go:86.2,89.16 3 10
github.com/fred-drake/gitea-check-service/main.go:89.16,91.3 1 1
github.com/fred-drake/gitea-check-service/main.go:92.2,94.38 2 9
github.com/fred-drake/gitea-check-service/main.go:94.38,97.3 2 3
github.com/fred-drake/gitea-check-service/main.go:99.2,100.71 2 6
github.com/fred-drake/gitea-check-service/main.go:100.71,102.3 1 1
github.com/fred-drake/gitea-check-service/main.go:104.2,104.38 1 5
github.com/fred-drake/gitea-check-service/main.go:108.59,110.2 1 5
github.com/fred-drake/gitea-check-service/main.go:113.93,117.16 3 9
github.com/fred-drake/gitea-check-service/main.go:117.16,119.3 1 0
github.com/fred-drake/gitea-check-service/main.go:120.2,123.16 3 9
github.com/fred-drake/gitea-check-service/main.go:123.16,125.3 1 1
github.com/fred-drake/gitea-check-service/main.go:126.2,128.44 2 8
github.com/fred-drake/gitea-check-service/main.go:128.44,131.3 1 1
github.com/fred-drake/gitea-check-service/main.go:133.2,133.38 1 7
github.com/fred-drake/gitea-check-service/main.go:133.38,136.3 2 1
github.com/fred-drake/gitea-check-service/main.go:138.2,139.67 2 6
github.com/fred-drake/gitea-check-service/main.go:139.67,141.3 1 0
github.com/fred-drake/gitea-check-service/main.go:143.2,143.21 1 6
github.com/fred-drake/gitea-check-service/main.go:147.75,149.2 1 4
github.com/fred-drake/gitea-check-service/main.go:152.44,162.40 2 12
github.com/fred-drake/gitea-check-service/main.go:162.40,164.3 1 10
github.com/fred-drake/gitea-check-service/main.go:165.2,165.12 1 2
github.com/fred-drake/gitea-check-service/main.go:169.43,179.36 2 12
github.com/fred-drake/gitea-check-service/main.go:179.36,181.3 1 10
github.com/fred-drake/gitea-check-service/main.go:182.2,182.22 1 2
github.com/fred-drake/gitea-check-service/main.go:186.60,187.32 1 8
github.com/fred-drake/gitea-check-service/main.go:187.32,190.3 2 1
github.com/fred-drake/gitea-check-service/main.go:193.2,196.31 3 7
github.com/fred-drake/gitea-check-service/main.go:196.31,204.3 5 2
github.com/fred-drake/gitea-check-service/main.go:207.2,208.16 2 5
github.com/fred-drake/gitea-check-service/main.go:208.16,218.3 5 1
github.com/fred-drake/gitea-check-service/main.go:221.2,222.16 2 4
github.com/fred-drake/gitea-check-service/main.go:222.16,233.3 5 0
github.com/fred-drake/gitea-check-service/main.go:236.2,246.37 4 4
github.com/fred-drake/gitea-check-service/main.go:250.60,253.2 2 1
github.com/fred-drake/gitea-check-service/main.go:255.13,261.75 4 0
github.com/fred-drake/gitea-check-service/main.go:261.75,265.3 3 0
github.com/fred-drake/gitea-check-service/main.go:267.2,268.16 2 0
github.com/fred-drake/gitea-check-service/main.go:268.16,270.3 1 0
github.com/fred-drake/gitea-check-service/main.go:272.2,275.63 3 0
github.com/fred-drake/gitea-check-service/main.go:275.63,277.3 1 0
